<?xml version="1.0" encoding="UTF-8"?>
<testsuite xmlns:xsi="http://www.w3.org/2001/XMLSchema-instance" xsi:noNamespaceSchemaLocation="https://maven.apache.org/surefire/maven-surefire-plugin/xsd/surefire-test-report.xsd" name="cn.edu.xmu.oomall.aftersale.controller.ShopAftersaleControllerTest" time="0.367" tests="1" errors="0" skipped="0" failures="0">
  <properties>
    <property name="java.specification.version" value="21"/>
    <property name="sun.jnu.encoding" value="UTF-8"/>
    <property name="java.class.path" value="/home/liu/Downloads/OOMALL+-+副本/OOMALL3/aftersale/target/test-classes:/home/liu/Downloads/OOMALL+-+副本/OOMALL3/aftersale/target/classes:/home/liu/.m2/repository/org/springframework/boot/spring-boot-starter-actuator/3.0.2/spring-boot-starter-actuator-3.0.2.jar:/home/liu/.m2/repository/org/springframework/boot/spring-boot-starter/3.0.2/spring-boot-starter-3.0.2.jar:/home/liu/.m2/repository/org/springframework/boot/spring-boot/3.0.2/spring-boot-3.0.2.jar:/home/liu/.m2/repository/org/springframework/boot/spring-boot-starter-logging/3.0.2/spring-boot-starter-logging-3.0.2.jar:/home/liu/.m2/repository/ch/qos/logback/logback-classic/1.4.5/logback-classic-1.4.5.jar:/home/liu/.m2/repository/ch/qos/logback/logback-core/1.4.5/logback-core-1.4.5.jar:/home/liu/.m2/repository/org/apache/logging/log4j/log4j-to-slf4j/2.19.0/log4j-to-slf4j-2.19.0.jar:/home/liu/.m2/repository/org/apache/logging/log4j/log4j-api/2.19.0/log4j-api-2.19.0.jar:/home/liu/.m2/repository/org/slf4j/jul-to-slf4j/2.0.6/jul-to-slf4j-2.0.6.jar:/home/liu/.m2/repository/org/yaml/snakeyaml/1.33/snakeyaml-1.33.jar:/home/liu/.m2/repository/org/springframework/boot/spring-boot-actuator-autoconfigure/3.0.2/spring-boot-actuator-autoconfigure-3.0.2.jar:/home/liu/.m2/repository/org/springframework/boot/spring-boot-actuator/3.0.2/spring-boot-actuator-3.0.2.jar:/home/liu/.m2/repository/io/micrometer/micrometer-observation/1.10.3/micrometer-observation-1.10.3.jar:/home/liu/.m2/repository/io/micrometer/micrometer-commons/1.10.3/micrometer-commons-1.10.3.jar:/home/liu/.m2/repository/io/micrometer/micrometer-core/1.10.3/micrometer-core-1.10.3.jar:/home/liu/.m2/repository/org/hdrhistogram/HdrHistogram/2.1.12/HdrHistogram-2.1.12.jar:/home/liu/.m2/repository/org/latencyutils/LatencyUtils/2.0.3/LatencyUtils-2.0.3.jar:/home/liu/.m2/repository/cn/edu/xmu/javaee/core/0.0.3-SNAPSHOT/core-0.0.3-SNAPSHOT.jar:/home/liu/.m2/repository/com/auth0/java-jwt/4.2.0/java-jwt-4.2.0.jar:/home/liu/.m2/repository/org/springframework/cloud/spring-cloud-starter-loadbalancer/4.0.0-RC2/spring-cloud-starter-loadbalancer-4.0.0-RC2.jar:/home/liu/.m2/repository/org/springframework/cloud/spring-cloud-loadbalancer/4.0.0-RC2/spring-cloud-loadbalancer-4.0.0-RC2.jar:/home/liu/.m2/repository/io/projectreactor/addons/reactor-extra/3.5.0/reactor-extra-3.5.0.jar:/home/liu/.m2/repository/org/springframework/boot/spring-boot-starter-cache/3.0.2/spring-boot-starter-cache-3.0.2.jar:/home/liu/.m2/repository/com/stoyanr/evictor/1.0.0/evictor-1.0.0.jar:/home/liu/.m2/repository/org/springframework/boot/spring-boot-starter-data-jpa/3.0.2/spring-boot-starter-data-jpa-3.0.2.jar:/home/liu/.m2/repository/org/hibernate/orm/hibernate-core/6.1.6.Final/hibernate-core-6.1.6.Final.jar:/home/liu/.m2/repository/jakarta/persistence/jakarta.persistence-api/3.1.0/jakarta.persistence-api-3.1.0.jar:/home/liu/.m2/repository/jakarta/transaction/jakarta.transaction-api/2.0.1/jakarta.transaction-api-2.0.1.jar:/home/liu/.m2/repository/org/hibernate/common/hibernate-commons-annotations/6.0.2.Final/hibernate-commons-annotations-6.0.2.Final.jar:/home/liu/.m2/repository/org/jboss/jandex/2.4.2.Final/jandex-2.4.2.Final.jar:/home/liu/.m2/repository/org/glassfish/jaxb/jaxb-runtime/4.0.1/jaxb-runtime-4.0.1.jar:/home/liu/.m2/repository/org/glassfish/jaxb/jaxb-core/4.0.1/jaxb-core-4.0.1.jar:/home/liu/.m2/repository/org/eclipse/angus/angus-activation/1.0.0/angus-activation-1.0.0.jar:/home/liu/.m2/repository/org/glassfish/jaxb/txw2/4.0.1/txw2-4.0.1.jar:/home/liu/.m2/repository/com/sun/istack/istack-commons-runtime/4.1.1/istack-commons-runtime-4.1.1.jar:/home/liu/.m2/repository/jakarta/inject/jakarta.inject-api/2.0.0/jakarta.inject-api-2.0.0.jar:/home/liu/.m2/repository/org/antlr/antlr4-runtime/4.10.1/antlr4-runtime-4.10.1.jar:/home/liu/.m2/repository/org/springframework/data/spring-data-jpa/3.0.1/spring-data-jpa-3.0.1.jar:/home/liu/.m2/repository/org/springframework/data/spring-data-commons/3.0.1/spring-data-commons-3.0.1.jar:/home/liu/.m2/repository/org/springframework/spring-orm/6.0.4/spring-orm-6.0.4.jar:/home/liu/.m2/repository/org/springframework/spring-aspects/6.0.4/spring-aspects-6.0.4.jar:/home/liu/.m2/repository/com/squareup/javapoet/1.13.0/javapoet-1.13.0.jar:/home/liu/.m2/repository/com/google/auto/service/auto-service/1.0.1/auto-service-1.0.1.jar:/home/liu/.m2/repository/com/google/auto/service/auto-service-annotations/1.0.1/auto-service-annotations-1.0.1.jar:/home/liu/.m2/repository/com/google/auto/auto-common/1.2/auto-common-1.2.jar:/home/liu/.m2/repository/com/google/guava/guava/31.0.1-jre/guava-31.0.1-jre.jar:/home/liu/.m2/repository/com/google/guava/failureaccess/1.0.1/failureaccess-1.0.1.jar:/home/liu/.m2/repository/com/google/guava/listenablefuture/9999.0-empty-to-avoid-conflict-with-guava/listenablefuture-9999.0-empty-to-avoid-conflict-with-guava.jar:/home/liu/.m2/repository/com/google/code/findbugs/jsr305/3.0.2/jsr305-3.0.2.jar:/home/liu/.m2/repository/org/checkerframework/checker-qual/3.12.0/checker-qual-3.12.0.jar:/home/liu/.m2/repository/com/google/errorprone/error_prone_annotations/2.7.1/error_prone_annotations-2.7.1.jar:/home/liu/.m2/repository/com/google/j2objc/j2objc-annotations/1.3/j2objc-annotations-1.3.jar:/home/liu/.m2/repository/org/springframework/boot/spring-boot-starter-web/3.0.2/spring-boot-starter-web-3.0.2.jar:/home/liu/.m2/repository/org/springframework/boot/spring-boot-starter-json/3.0.2/spring-boot-starter-json-3.0.2.jar:/home/liu/.m2/repository/com/fasterxml/jackson/module/jackson-module-parameter-names/2.14.1/jackson-module-parameter-names-2.14.1.jar:/home/liu/.m2/repository/org/springframework/boot/spring-boot-starter-tomcat/3.0.2/spring-boot-starter-tomcat-3.0.2.jar:/home/liu/.m2/repository/org/apache/tomcat/embed/tomcat-embed-core/10.1.5/tomcat-embed-core-10.1.5.jar:/home/liu/.m2/repository/org/apache/tomcat/embed/tomcat-embed-websocket/10.1.5/tomcat-embed-websocket-10.1.5.jar:/home/liu/.m2/repository/org/springframework/spring-web/6.0.4/spring-web-6.0.4.jar:/home/liu/.m2/repository/org/springframework/spring-beans/6.0.4/spring-beans-6.0.4.jar:/home/liu/.m2/repository/org/springframework/spring-webmvc/6.0.4/spring-webmvc-6.0.4.jar:/home/liu/.m2/repository/org/springframework/spring-context/6.0.4/spring-context-6.0.4.jar:/home/liu/.m2/repository/org/springframework/spring-expression/6.0.4/spring-expression-6.0.4.jar:/home/liu/.m2/repository/org/springframework/boot/spring-boot-starter-validation/3.0.2/spring-boot-starter-validation-3.0.2.jar:/home/liu/.m2/repository/org/apache/tomcat/embed/tomcat-embed-el/10.1.5/tomcat-embed-el-10.1.5.jar:/home/liu/.m2/repository/org/hibernate/validator/hibernate-validator/8.0.0.Final/hibernate-validator-8.0.0.Final.jar:/home/liu/.m2/repository/jakarta/validation/jakarta.validation-api/3.0.2/jakarta.validation-api-3.0.2.jar:/home/liu/.m2/repository/org/jboss/logging/jboss-logging/3.5.0.Final/jboss-logging-3.5.0.Final.jar:/home/liu/.m2/repository/com/fasterxml/classmate/1.5.1/classmate-1.5.1.jar:/home/liu/.m2/repository/org/springframework/boot/spring-boot-starter-aop/3.0.2/spring-boot-starter-aop-3.0.2.jar:/home/liu/.m2/repository/org/springframework/spring-aop/6.0.4/spring-aop-6.0.4.jar:/home/liu/.m2/repository/org/aspectj/aspectjweaver/1.9.19/aspectjweaver-1.9.19.jar:/home/liu/.m2/repository/org/springframework/boot/spring-boot-starter-data-redis/3.0.2/spring-boot-starter-data-redis-3.0.2.jar:/home/liu/.m2/repository/org/springframework/data/spring-data-redis/3.0.1/spring-data-redis-3.0.1.jar:/home/liu/.m2/repository/org/springframework/data/spring-data-keyvalue/3.0.1/spring-data-keyvalue-3.0.1.jar:/home/liu/.m2/repository/org/springframework/spring-tx/6.0.4/spring-tx-6.0.4.jar:/home/liu/.m2/repository/org/springframework/spring-oxm/6.0.4/spring-oxm-6.0.4.jar:/home/liu/.m2/repository/org/springframework/spring-context-support/6.0.4/spring-context-support-6.0.4.jar:/home/liu/.m2/repository/io/lettuce/lettuce-core/6.2.2.RELEASE/lettuce-core-6.2.2.RELEASE.jar:/home/liu/.m2/repository/io/netty/netty-common/4.1.87.Final/netty-common-4.1.87.Final.jar:/home/liu/.m2/repository/io/netty/netty-handler/4.1.87.Final/netty-handler-4.1.87.Final.jar:/home/liu/.m2/repository/io/netty/netty-resolver/4.1.87.Final/netty-resolver-4.1.87.Final.jar:/home/liu/.m2/repository/io/netty/netty-buffer/4.1.87.Final/netty-buffer-4.1.87.Final.jar:/home/liu/.m2/repository/io/netty/netty-transport-native-unix-common/4.1.87.Final/netty-transport-native-unix-common-4.1.87.Final.jar:/home/liu/.m2/repository/io/netty/netty-codec/4.1.87.Final/netty-codec-4.1.87.Final.jar:/home/liu/.m2/repository/io/netty/netty-transport/4.1.87.Final/netty-transport-4.1.87.Final.jar:/home/liu/.m2/repository/io/projectreactor/reactor-core/3.5.2/reactor-core-3.5.2.jar:/home/liu/.m2/repository/org/reactivestreams/reactive-streams/1.0.4/reactive-streams-1.0.4.jar:/home/liu/.m2/repository/org/springframework/boot/spring-boot-starter-test/3.0.2/spring-boot-starter-test-3.0.2.jar:/home/liu/.m2/repository/org/springframework/boot/spring-boot-test/3.0.2/spring-boot-test-3.0.2.jar:/home/liu/.m2/repository/org/springframework/boot/spring-boot-test-autoconfigure/3.0.2/spring-boot-test-autoconfigure-3.0.2.jar:/home/liu/.m2/repository/com/jayway/jsonpath/json-path/2.7.0/json-path-2.7.0.jar:/home/liu/.m2/repository/net/minidev/json-smart/2.4.8/json-smart-2.4.8.jar:/home/liu/.m2/repository/net/minidev/accessors-smart/2.4.8/accessors-smart-2.4.8.jar:/home/liu/.m2/repository/org/ow2/asm/asm/9.1/asm-9.1.jar:/home/liu/.m2/repository/jakarta/xml/bind/jakarta.xml.bind-api/4.0.0/jakarta.xml.bind-api-4.0.0.jar:/home/liu/.m2/repository/jakarta/activation/jakarta.activation-api/2.1.1/jakarta.activation-api-2.1.1.jar:/home/liu/.m2/repository/org/assertj/assertj-core/3.23.1/assertj-core-3.23.1.jar:/home/liu/.m2/repository/net/bytebuddy/byte-buddy/1.12.22/byte-buddy-1.12.22.jar:/home/liu/.m2/repository/org/hamcrest/hamcrest/2.2/hamcrest-2.2.jar:/home/liu/.m2/repository/org/junit/jupiter/junit-jupiter/5.9.2/junit-jupiter-5.9.2.jar:/home/liu/.m2/repository/org/junit/jupiter/junit-jupiter-api/5.9.2/junit-jupiter-api-5.9.2.jar:/home/liu/.m2/repository/org/opentest4j/opentest4j/1.2.0/opentest4j-1.2.0.jar:/home/liu/.m2/repository/org/junit/platform/junit-platform-commons/1.9.2/junit-platform-commons-1.9.2.jar:/home/liu/.m2/repository/org/apiguardian/apiguardian-api/1.1.2/apiguardian-api-1.1.2.jar:/home/liu/.m2/repository/org/junit/jupiter/junit-jupiter-params/5.9.2/junit-jupiter-params-5.9.2.jar:/home/liu/.m2/repository/org/junit/jupiter/junit-jupiter-engine/5.9.2/junit-jupiter-engine-5.9.2.jar:/home/liu/.m2/repository/org/junit/platform/junit-platform-engine/1.9.2/junit-platform-engine-1.9.2.jar:/home/liu/.m2/repository/org/mockito/mockito-core/4.8.1/mockito-core-4.8.1.jar:/home/liu/.m2/repository/net/bytebuddy/byte-buddy-agent/1.12.22/byte-buddy-agent-1.12.22.jar:/home/liu/.m2/repository/org/objenesis/objenesis/3.2/objenesis-3.2.jar:/home/liu/.m2/repository/org/mockito/mockito-junit-jupiter/4.8.1/mockito-junit-jupiter-4.8.1.jar:/home/liu/.m2/repository/org/skyscreamer/jsonassert/1.5.1/jsonassert-1.5.1.jar:/home/liu/.m2/repository/com/vaadin/external/google/android-json/0.0.20131108.vaadin1/android-json-0.0.20131108.vaadin1.jar:/home/liu/.m2/repository/org/springframework/spring-core/6.0.4/spring-core-6.0.4.jar:/home/liu/.m2/repository/org/springframework/spring-jcl/6.0.4/spring-jcl-6.0.4.jar:/home/liu/.m2/repository/org/springframework/spring-test/6.0.4/spring-test-6.0.4.jar:/home/liu/.m2/repository/org/xmlunit/xmlunit-core/2.9.1/xmlunit-core-2.9.1.jar:/home/liu/.m2/repository/com/fasterxml/jackson/datatype/jackson-datatype-jsr310/2.14.0-rc1/jackson-datatype-jsr310-2.14.0-rc1.jar:/home/liu/.m2/repository/com/fasterxml/jackson/core/jackson-annotations/2.14.1/jackson-annotations-2.14.1.jar:/home/liu/.m2/repository/com/fasterxml/jackson/core/jackson-core/2.14.1/jackson-core-2.14.1.jar:/home/liu/.m2/repository/com/fasterxml/jackson/core/jackson-databind/2.14.1/jackson-databind-2.14.1.jar:/home/liu/.m2/repository/com/fasterxml/jackson/datatype/jackson-datatype-jdk8/2.14.0-rc1/jackson-datatype-jdk8-2.14.0-rc1.jar:/home/liu/.m2/repository/org/projectlombok/lombok/1.18.30/lombok-1.18.30.jar:/home/liu/.m2/repository/com/github/pagehelper/pagehelper-spring-boot-starter/1.4.6/pagehelper-spring-boot-starter-1.4.6.jar:/home/liu/.m2/repository/com/github/pagehelper/pagehelper-spring-boot-autoconfigure/1.4.6/pagehelper-spring-boot-autoconfigure-1.4.6.jar:/home/liu/.m2/repository/com/github/pagehelper/pagehelper/5.3.2/pagehelper-5.3.2.jar:/home/liu/.m2/repository/com/github/jsqlparser/jsqlparser/4.5/jsqlparser-4.5.jar:/home/liu/.m2/repository/com/mysql/mysql-connector-j/8.2.0/mysql-connector-j-8.2.0.jar:/home/liu/.m2/repository/com/google/protobuf/protobuf-java/3.21.9/protobuf-java-3.21.9.jar:/home/liu/.m2/repository/org/mybatis/spring/boot/mybatis-spring-boot-starter/3.0.3/mybatis-spring-boot-starter-3.0.3.jar:/home/liu/.m2/repository/org/springframework/boot/spring-boot-starter-jdbc/3.0.2/spring-boot-starter-jdbc-3.0.2.jar:/home/liu/.m2/repository/com/zaxxer/HikariCP/5.0.1/HikariCP-5.0.1.jar:/home/liu/.m2/repository/org/springframework/spring-jdbc/6.0.4/spring-jdbc-6.0.4.jar:/home/liu/.m2/repository/org/mybatis/spring/boot/mybatis-spring-boot-autoconfigure/3.0.3/mybatis-spring-boot-autoconfigure-3.0.3.jar:/home/liu/.m2/repository/org/mybatis/mybatis/3.5.14/mybatis-3.5.14.jar:/home/liu/.m2/repository/org/mybatis/mybatis-spring/3.0.3/mybatis-spring-3.0.3.jar:/home/liu/.m2/repository/com/alibaba/druid-spring-boot-starter/1.2.13/druid-spring-boot-starter-1.2.13.jar:/home/liu/.m2/repository/com/alibaba/druid/1.2.13/druid-1.2.13.jar:/home/liu/.m2/repository/org/slf4j/slf4j-api/2.0.6/slf4j-api-2.0.6.jar:/home/liu/.m2/repository/org/springframework/boot/spring-boot-autoconfigure/3.0.2/spring-boot-autoconfigure-3.0.2.jar:/home/liu/.m2/repository/org/springframework/cloud/spring-cloud-openfeign-core/4.0.0-RC2/spring-cloud-openfeign-core-4.0.0-RC2.jar:/home/liu/.m2/repository/io/github/openfeign/form/feign-form-spring/3.8.0/feign-form-spring-3.8.0.jar:/home/liu/.m2/repository/io/github/openfeign/form/feign-form/3.8.0/feign-form-3.8.0.jar:/home/liu/.m2/repository/commons-fileupload/commons-fileupload/1.4/commons-fileupload-1.4.jar:/home/liu/.m2/repository/org/springframework/cloud/spring-cloud-starter-openfeign/4.0.0-RC2/spring-cloud-starter-openfeign-4.0.0-RC2.jar:/home/liu/.m2/repository/org/springframework/cloud/spring-cloud-starter/4.0.0-RC2/spring-cloud-starter-4.0.0-RC2.jar:/home/liu/.m2/repository/org/springframework/security/spring-security-rsa/1.0.11.RELEASE/spring-security-rsa-1.0.11.RELEASE.jar:/home/liu/.m2/repository/org/bouncycastle/bcpkix-jdk15on/1.69/bcpkix-jdk15on-1.69.jar:/home/liu/.m2/repository/org/bouncycastle/bcprov-jdk15on/1.69/bcprov-jdk15on-1.69.jar:/home/liu/.m2/repository/org/bouncycastle/bcutil-jdk15on/1.69/bcutil-jdk15on-1.69.jar:/home/liu/.m2/repository/org/springframework/cloud/spring-cloud-commons/4.0.0-RC2/spring-cloud-commons-4.0.0-RC2.jar:/home/liu/.m2/repository/org/springframework/security/spring-security-crypto/6.0.1/spring-security-crypto-6.0.1.jar:/home/liu/.m2/repository/io/github/openfeign/feign-core/12.0/feign-core-12.0.jar:/home/liu/.m2/repository/io/github/openfeign/feign-slf4j/12.0/feign-slf4j-12.0.jar:/home/liu/.m2/repository/com/alibaba/cloud/spring-cloud-starter-alibaba-nacos-config/2022.0.0.0-RC2/spring-cloud-starter-alibaba-nacos-config-2022.0.0.0-RC2.jar:/home/liu/.m2/repository/com/alibaba/cloud/spring-cloud-alibaba-commons/2022.0.0.0-RC2/spring-cloud-alibaba-commons-2022.0.0.0-RC2.jar:/home/liu/.m2/repository/com/alibaba/spring/spring-context-support/1.0.11/spring-context-support-1.0.11.jar:/home/liu/.m2/repository/com/alibaba/nacos/nacos-client/2.2.1/nacos-client-2.2.1.jar:/home/liu/.m2/repository/com/alibaba/nacos/nacos-auth-plugin/2.2.1/nacos-auth-plugin-2.2.1.jar:/home/liu/.m2/repository/com/alibaba/nacos/nacos-encryption-plugin/2.2.1/nacos-encryption-plugin-2.2.1.jar:/home/liu/.m2/repository/commons-codec/commons-codec/1.15/commons-codec-1.15.jar:/home/liu/.m2/repository/org/apache/httpcomponents/httpasyncclient/4.1.5/httpasyncclient-4.1.5.jar:/home/liu/.m2/repository/org/apache/httpcomponents/httpcore/4.4.16/httpcore-4.4.16.jar:/home/liu/.m2/repository/org/apache/httpcomponents/httpcore-nio/4.4.16/httpcore-nio-4.4.16.jar:/home/liu/.m2/repository/org/apache/httpcomponents/httpclient/4.5.14/httpclient-4.5.14.jar:/home/liu/.m2/repository/io/prometheus/simpleclient/0.16.0/simpleclient-0.16.0.jar:/home/liu/.m2/repository/io/prometheus/simpleclient_tracer_otel/0.16.0/simpleclient_tracer_otel-0.16.0.jar:/home/liu/.m2/repository/io/prometheus/simpleclient_tracer_common/0.16.0/simpleclient_tracer_common-0.16.0.jar:/home/liu/.m2/repository/io/prometheus/simpleclient_tracer_otel_agent/0.16.0/simpleclient_tracer_otel_agent-0.16.0.jar:/home/liu/.m2/repository/org/springframework/cloud/spring-cloud-context/4.0.0/spring-cloud-context-4.0.0.jar:/home/liu/.m2/repository/jakarta/annotation/jakarta.annotation-api/2.1.1/jakarta.annotation-api-2.1.1.jar:/home/liu/.m2/repository/com/alibaba/cloud/spring-cloud-starter-alibaba-nacos-discovery/2022.0.0.0-RC2/spring-cloud-starter-alibaba-nacos-discovery-2022.0.0.0-RC2.jar:/home/liu/.m2/repository/org/springframework/cloud/spring-cloud-starter-bootstrap/4.0.0-RC2/spring-cloud-starter-bootstrap-4.0.0-RC2.jar:"/>
    <property name="java.vm.vendor" value="Oracle Corporation"/>
    <property name="sun.arch.data.model" value="64"/>
    <property name="java.vendor.url" value="https://java.oracle.com/"/>
    <property name="os.name" value="Linux"/>
    <property name="java.vm.specification.version" value="21"/>
    <property name="sun.java.launcher" value="SUN_STANDARD"/>
    <property name="user.country" value="US"/>
    <property name="sun.boot.library.path" value="/home/liu/.jdks/openjdk-21.0.1/lib"/>
    <property name="sun.java.command" value="/home/liu/Downloads/OOMALL+-+副本/OOMALL3/aftersale/target/surefire/surefirebooter5994505615390241324.jar /home/liu/Downloads/OOMALL+-+副本/OOMALL3/aftersale/target/surefire 2023-12-25T03-17-53_801-jvmRun1 surefire10500924784451675602tmp surefire_014716168276846636033tmp"/>
    <property name="jdk.debug" value="release"/>
    <property name="surefire.test.class.path" value="/home/liu/Downloads/OOMALL+-+副本/OOMALL3/aftersale/target/test-classes:/home/liu/Downloads/OOMALL+-+副本/OOMALL3/aftersale/target/classes:/home/liu/.m2/repository/org/springframework/boot/spring-boot-starter-actuator/3.0.2/spring-boot-starter-actuator-3.0.2.jar:/home/liu/.m2/repository/org/springframework/boot/spring-boot-starter/3.0.2/spring-boot-starter-3.0.2.jar:/home/liu/.m2/repository/org/springframework/boot/spring-boot/3.0.2/spring-boot-3.0.2.jar:/home/liu/.m2/repository/org/springframework/boot/spring-boot-starter-logging/3.0.2/spring-boot-starter-logging-3.0.2.jar:/home/liu/.m2/repository/ch/qos/logback/logback-classic/1.4.5/logback-classic-1.4.5.jar:/home/liu/.m2/repository/ch/qos/logback/logback-core/1.4.5/logback-core-1.4.5.jar:/home/liu/.m2/repository/org/apache/logging/log4j/log4j-to-slf4j/2.19.0/log4j-to-slf4j-2.19.0.jar:/home/liu/.m2/repository/org/apache/logging/log4j/log4j-api/2.19.0/log4j-api-2.19.0.jar:/home/liu/.m2/repository/org/slf4j/jul-to-slf4j/2.0.6/jul-to-slf4j-2.0.6.jar:/home/liu/.m2/repository/org/yaml/snakeyaml/1.33/snakeyaml-1.33.jar:/home/liu/.m2/repository/org/springframework/boot/spring-boot-actuator-autoconfigure/3.0.2/spring-boot-actuator-autoconfigure-3.0.2.jar:/home/liu/.m2/repository/org/springframework/boot/spring-boot-actuator/3.0.2/spring-boot-actuator-3.0.2.jar:/home/liu/.m2/repository/io/micrometer/micrometer-observation/1.10.3/micrometer-observation-1.10.3.jar:/home/liu/.m2/repository/io/micrometer/micrometer-commons/1.10.3/micrometer-commons-1.10.3.jar:/home/liu/.m2/repository/io/micrometer/micrometer-core/1.10.3/micrometer-core-1.10.3.jar:/home/liu/.m2/repository/org/hdrhistogram/HdrHistogram/2.1.12/HdrHistogram-2.1.12.jar:/home/liu/.m2/repository/org/latencyutils/LatencyUtils/2.0.3/LatencyUtils-2.0.3.jar:/home/liu/.m2/repository/cn/edu/xmu/javaee/core/0.0.3-SNAPSHOT/core-0.0.3-SNAPSHOT.jar:/home/liu/.m2/repository/com/auth0/java-jwt/4.2.0/java-jwt-4.2.0.jar:/home/liu/.m2/repository/org/springframework/cloud/spring-cloud-starter-loadbalancer/4.0.0-RC2/spring-cloud-starter-loadbalancer-4.0.0-RC2.jar:/home/liu/.m2/repository/org/springframework/cloud/spring-cloud-loadbalancer/4.0.0-RC2/spring-cloud-loadbalancer-4.0.0-RC2.jar:/home/liu/.m2/repository/io/projectreactor/addons/reactor-extra/3.5.0/reactor-extra-3.5.0.jar:/home/liu/.m2/repository/org/springframework/boot/spring-boot-starter-cache/3.0.2/spring-boot-starter-cache-3.0.2.jar:/home/liu/.m2/repository/com/stoyanr/evictor/1.0.0/evictor-1.0.0.jar:/home/liu/.m2/repository/org/springframework/boot/spring-boot-starter-data-jpa/3.0.2/spring-boot-starter-data-jpa-3.0.2.jar:/home/liu/.m2/repository/org/hibernate/orm/hibernate-core/6.1.6.Final/hibernate-core-6.1.6.Final.jar:/home/liu/.m2/repository/jakarta/persistence/jakarta.persistence-api/3.1.0/jakarta.persistence-api-3.1.0.jar:/home/liu/.m2/repository/jakarta/transaction/jakarta.transaction-api/2.0.1/jakarta.transaction-api-2.0.1.jar:/home/liu/.m2/repository/org/hibernate/common/hibernate-commons-annotations/6.0.2.Final/hibernate-commons-annotations-6.0.2.Final.jar:/home/liu/.m2/repository/org/jboss/jandex/2.4.2.Final/jandex-2.4.2.Final.jar:/home/liu/.m2/repository/org/glassfish/jaxb/jaxb-runtime/4.0.1/jaxb-runtime-4.0.1.jar:/home/liu/.m2/repository/org/glassfish/jaxb/jaxb-core/4.0.1/jaxb-core-4.0.1.jar:/home/liu/.m2/repository/org/eclipse/angus/angus-activation/1.0.0/angus-activation-1.0.0.jar:/home/liu/.m2/repository/org/glassfish/jaxb/txw2/4.0.1/txw2-4.0.1.jar:/home/liu/.m2/repository/com/sun/istack/istack-commons-runtime/4.1.1/istack-commons-runtime-4.1.1.jar:/home/liu/.m2/repository/jakarta/inject/jakarta.inject-api/2.0.0/jakarta.inject-api-2.0.0.jar:/home/liu/.m2/repository/org/antlr/antlr4-runtime/4.10.1/antlr4-runtime-4.10.1.jar:/home/liu/.m2/repository/org/springframework/data/spring-data-jpa/3.0.1/spring-data-jpa-3.0.1.jar:/home/liu/.m2/repository/org/springframework/data/spring-data-commons/3.0.1/spring-data-commons-3.0.1.jar:/home/liu/.m2/repository/org/springframework/spring-orm/6.0.4/spring-orm-6.0.4.jar:/home/liu/.m2/repository/org/springframework/spring-aspects/6.0.4/spring-aspects-6.0.4.jar:/home/liu/.m2/repository/com/squareup/javapoet/1.13.0/javapoet-1.13.0.jar:/home/liu/.m2/repository/com/google/auto/service/auto-service/1.0.1/auto-service-1.0.1.jar:/home/liu/.m2/repository/com/google/auto/service/auto-service-annotations/1.0.1/auto-service-annotations-1.0.1.jar:/home/liu/.m2/repository/com/google/auto/auto-common/1.2/auto-common-1.2.jar:/home/liu/.m2/repository/com/google/guava/guava/31.0.1-jre/guava-31.0.1-jre.jar:/home/liu/.m2/repository/com/google/guava/failureaccess/1.0.1/failureaccess-1.0.1.jar:/home/liu/.m2/repository/com/google/guava/listenablefuture/9999.0-empty-to-avoid-conflict-with-guava/listenablefuture-9999.0-empty-to-avoid-conflict-with-guava.jar:/home/liu/.m2/repository/com/google/code/findbugs/jsr305/3.0.2/jsr305-3.0.2.jar:/home/liu/.m2/repository/org/checkerframework/checker-qual/3.12.0/checker-qual-3.12.0.jar:/home/liu/.m2/repository/com/google/errorprone/error_prone_annotations/2.7.1/error_prone_annotations-2.7.1.jar:/home/liu/.m2/repository/com/google/j2objc/j2objc-annotations/1.3/j2objc-annotations-1.3.jar:/home/liu/.m2/repository/org/springframework/boot/spring-boot-starter-web/3.0.2/spring-boot-starter-web-3.0.2.jar:/home/liu/.m2/repository/org/springframework/boot/spring-boot-starter-json/3.0.2/spring-boot-starter-json-3.0.2.jar:/home/liu/.m2/repository/com/fasterxml/jackson/module/jackson-module-parameter-names/2.14.1/jackson-module-parameter-names-2.14.1.jar:/home/liu/.m2/repository/org/springframework/boot/spring-boot-starter-tomcat/3.0.2/spring-boot-starter-tomcat-3.0.2.jar:/home/liu/.m2/repository/org/apache/tomcat/embed/tomcat-embed-core/10.1.5/tomcat-embed-core-10.1.5.jar:/home/liu/.m2/repository/org/apache/tomcat/embed/tomcat-embed-websocket/10.1.5/tomcat-embed-websocket-10.1.5.jar:/home/liu/.m2/repository/org/springframework/spring-web/6.0.4/spring-web-6.0.4.jar:/home/liu/.m2/repository/org/springframework/spring-beans/6.0.4/spring-beans-6.0.4.jar:/home/liu/.m2/repository/org/springframework/spring-webmvc/6.0.4/spring-webmvc-6.0.4.jar:/home/liu/.m2/repository/org/springframework/spring-context/6.0.4/spring-context-6.0.4.jar:/home/liu/.m2/repository/org/springframework/spring-expression/6.0.4/spring-expression-6.0.4.jar:/home/liu/.m2/repository/org/springframework/boot/spring-boot-starter-validation/3.0.2/spring-boot-starter-validation-3.0.2.jar:/home/liu/.m2/repository/org/apache/tomcat/embed/tomcat-embed-el/10.1.5/tomcat-embed-el-10.1.5.jar:/home/liu/.m2/repository/org/hibernate/validator/hibernate-validator/8.0.0.Final/hibernate-validator-8.0.0.Final.jar:/home/liu/.m2/repository/jakarta/validation/jakarta.validation-api/3.0.2/jakarta.validation-api-3.0.2.jar:/home/liu/.m2/repository/org/jboss/logging/jboss-logging/3.5.0.Final/jboss-logging-3.5.0.Final.jar:/home/liu/.m2/repository/com/fasterxml/classmate/1.5.1/classmate-1.5.1.jar:/home/liu/.m2/repository/org/springframework/boot/spring-boot-starter-aop/3.0.2/spring-boot-starter-aop-3.0.2.jar:/home/liu/.m2/repository/org/springframework/spring-aop/6.0.4/spring-aop-6.0.4.jar:/home/liu/.m2/repository/org/aspectj/aspectjweaver/1.9.19/aspectjweaver-1.9.19.jar:/home/liu/.m2/repository/org/springframework/boot/spring-boot-starter-data-redis/3.0.2/spring-boot-starter-data-redis-3.0.2.jar:/home/liu/.m2/repository/org/springframework/data/spring-data-redis/3.0.1/spring-data-redis-3.0.1.jar:/home/liu/.m2/repository/org/springframework/data/spring-data-keyvalue/3.0.1/spring-data-keyvalue-3.0.1.jar:/home/liu/.m2/repository/org/springframework/spring-tx/6.0.4/spring-tx-6.0.4.jar:/home/liu/.m2/repository/org/springframework/spring-oxm/6.0.4/spring-oxm-6.0.4.jar:/home/liu/.m2/repository/org/springframework/spring-context-support/6.0.4/spring-context-support-6.0.4.jar:/home/liu/.m2/repository/io/lettuce/lettuce-core/6.2.2.RELEASE/lettuce-core-6.2.2.RELEASE.jar:/home/liu/.m2/repository/io/netty/netty-common/4.1.87.Final/netty-common-4.1.87.Final.jar:/home/liu/.m2/repository/io/netty/netty-handler/4.1.87.Final/netty-handler-4.1.87.Final.jar:/home/liu/.m2/repository/io/netty/netty-resolver/4.1.87.Final/netty-resolver-4.1.87.Final.jar:/home/liu/.m2/repository/io/netty/netty-buffer/4.1.87.Final/netty-buffer-4.1.87.Final.jar:/home/liu/.m2/repository/io/netty/netty-transport-native-unix-common/4.1.87.Final/netty-transport-native-unix-common-4.1.87.Final.jar:/home/liu/.m2/repository/io/netty/netty-codec/4.1.87.Final/netty-codec-4.1.87.Final.jar:/home/liu/.m2/repository/io/netty/netty-transport/4.1.87.Final/netty-transport-4.1.87.Final.jar:/home/liu/.m2/repository/io/projectreactor/reactor-core/3.5.2/reactor-core-3.5.2.jar:/home/liu/.m2/repository/org/reactivestreams/reactive-streams/1.0.4/reactive-streams-1.0.4.jar:/home/liu/.m2/repository/org/springframework/boot/spring-boot-starter-test/3.0.2/spring-boot-starter-test-3.0.2.jar:/home/liu/.m2/repository/org/springframework/boot/spring-boot-test/3.0.2/spring-boot-test-3.0.2.jar:/home/liu/.m2/repository/org/springframework/boot/spring-boot-test-autoconfigure/3.0.2/spring-boot-test-autoconfigure-3.0.2.jar:/home/liu/.m2/repository/com/jayway/jsonpath/json-path/2.7.0/json-path-2.7.0.jar:/home/liu/.m2/repository/net/minidev/json-smart/2.4.8/json-smart-2.4.8.jar:/home/liu/.m2/repository/net/minidev/accessors-smart/2.4.8/accessors-smart-2.4.8.jar:/home/liu/.m2/repository/org/ow2/asm/asm/9.1/asm-9.1.jar:/home/liu/.m2/repository/jakarta/xml/bind/jakarta.xml.bind-api/4.0.0/jakarta.xml.bind-api-4.0.0.jar:/home/liu/.m2/repository/jakarta/activation/jakarta.activation-api/2.1.1/jakarta.activation-api-2.1.1.jar:/home/liu/.m2/repository/org/assertj/assertj-core/3.23.1/assertj-core-3.23.1.jar:/home/liu/.m2/repository/net/bytebuddy/byte-buddy/1.12.22/byte-buddy-1.12.22.jar:/home/liu/.m2/repository/org/hamcrest/hamcrest/2.2/hamcrest-2.2.jar:/home/liu/.m2/repository/org/junit/jupiter/junit-jupiter/5.9.2/junit-jupiter-5.9.2.jar:/home/liu/.m2/repository/org/junit/jupiter/junit-jupiter-api/5.9.2/junit-jupiter-api-5.9.2.jar:/home/liu/.m2/repository/org/opentest4j/opentest4j/1.2.0/opentest4j-1.2.0.jar:/home/liu/.m2/repository/org/junit/platform/junit-platform-commons/1.9.2/junit-platform-commons-1.9.2.jar:/home/liu/.m2/repository/org/apiguardian/apiguardian-api/1.1.2/apiguardian-api-1.1.2.jar:/home/liu/.m2/repository/org/junit/jupiter/junit-jupiter-params/5.9.2/junit-jupiter-params-5.9.2.jar:/home/liu/.m2/repository/org/junit/jupiter/junit-jupiter-engine/5.9.2/junit-jupiter-engine-5.9.2.jar:/home/liu/.m2/repository/org/junit/platform/junit-platform-engine/1.9.2/junit-platform-engine-1.9.2.jar:/home/liu/.m2/repository/org/mockito/mockito-core/4.8.1/mockito-core-4.8.1.jar:/home/liu/.m2/repository/net/bytebuddy/byte-buddy-agent/1.12.22/byte-buddy-agent-1.12.22.jar:/home/liu/.m2/repository/org/objenesis/objenesis/3.2/objenesis-3.2.jar:/home/liu/.m2/repository/org/mockito/mockito-junit-jupiter/4.8.1/mockito-junit-jupiter-4.8.1.jar:/home/liu/.m2/repository/org/skyscreamer/jsonassert/1.5.1/jsonassert-1.5.1.jar:/home/liu/.m2/repository/com/vaadin/external/google/android-json/0.0.20131108.vaadin1/android-json-0.0.20131108.vaadin1.jar:/home/liu/.m2/repository/org/springframework/spring-core/6.0.4/spring-core-6.0.4.jar:/home/liu/.m2/repository/org/springframework/spring-jcl/6.0.4/spring-jcl-6.0.4.jar:/home/liu/.m2/repository/org/springframework/spring-test/6.0.4/spring-test-6.0.4.jar:/home/liu/.m2/repository/org/xmlunit/xmlunit-core/2.9.1/xmlunit-core-2.9.1.jar:/home/liu/.m2/repository/com/fasterxml/jackson/datatype/jackson-datatype-jsr310/2.14.0-rc1/jackson-datatype-jsr310-2.14.0-rc1.jar:/home/liu/.m2/repository/com/fasterxml/jackson/core/jackson-annotations/2.14.1/jackson-annotations-2.14.1.jar:/home/liu/.m2/repository/com/fasterxml/jackson/core/jackson-core/2.14.1/jackson-core-2.14.1.jar:/home/liu/.m2/repository/com/fasterxml/jackson/core/jackson-databind/2.14.1/jackson-databind-2.14.1.jar:/home/liu/.m2/repository/com/fasterxml/jackson/datatype/jackson-datatype-jdk8/2.14.0-rc1/jackson-datatype-jdk8-2.14.0-rc1.jar:/home/liu/.m2/repository/org/projectlombok/lombok/1.18.30/lombok-1.18.30.jar:/home/liu/.m2/repository/com/github/pagehelper/pagehelper-spring-boot-starter/1.4.6/pagehelper-spring-boot-starter-1.4.6.jar:/home/liu/.m2/repository/com/github/pagehelper/pagehelper-spring-boot-autoconfigure/1.4.6/pagehelper-spring-boot-autoconfigure-1.4.6.jar:/home/liu/.m2/repository/com/github/pagehelper/pagehelper/5.3.2/pagehelper-5.3.2.jar:/home/liu/.m2/repository/com/github/jsqlparser/jsqlparser/4.5/jsqlparser-4.5.jar:/home/liu/.m2/repository/com/mysql/mysql-connector-j/8.2.0/mysql-connector-j-8.2.0.jar:/home/liu/.m2/repository/com/google/protobuf/protobuf-java/3.21.9/protobuf-java-3.21.9.jar:/home/liu/.m2/repository/org/mybatis/spring/boot/mybatis-spring-boot-starter/3.0.3/mybatis-spring-boot-starter-3.0.3.jar:/home/liu/.m2/repository/org/springframework/boot/spring-boot-starter-jdbc/3.0.2/spring-boot-starter-jdbc-3.0.2.jar:/home/liu/.m2/repository/com/zaxxer/HikariCP/5.0.1/HikariCP-5.0.1.jar:/home/liu/.m2/repository/org/springframework/spring-jdbc/6.0.4/spring-jdbc-6.0.4.jar:/home/liu/.m2/repository/org/mybatis/spring/boot/mybatis-spring-boot-autoconfigure/3.0.3/mybatis-spring-boot-autoconfigure-3.0.3.jar:/home/liu/.m2/repository/org/mybatis/mybatis/3.5.14/mybatis-3.5.14.jar:/home/liu/.m2/repository/org/mybatis/mybatis-spring/3.0.3/mybatis-spring-3.0.3.jar:/home/liu/.m2/repository/com/alibaba/druid-spring-boot-starter/1.2.13/druid-spring-boot-starter-1.2.13.jar:/home/liu/.m2/repository/com/alibaba/druid/1.2.13/druid-1.2.13.jar:/home/liu/.m2/repository/org/slf4j/slf4j-api/2.0.6/slf4j-api-2.0.6.jar:/home/liu/.m2/repository/org/springframework/boot/spring-boot-autoconfigure/3.0.2/spring-boot-autoconfigure-3.0.2.jar:/home/liu/.m2/repository/org/springframework/cloud/spring-cloud-openfeign-core/4.0.0-RC2/spring-cloud-openfeign-core-4.0.0-RC2.jar:/home/liu/.m2/repository/io/github/openfeign/form/feign-form-spring/3.8.0/feign-form-spring-3.8.0.jar:/home/liu/.m2/repository/io/github/openfeign/form/feign-form/3.8.0/feign-form-3.8.0.jar:/home/liu/.m2/repository/commons-fileupload/commons-fileupload/1.4/commons-fileupload-1.4.jar:/home/liu/.m2/repository/org/springframework/cloud/spring-cloud-starter-openfeign/4.0.0-RC2/spring-cloud-starter-openfeign-4.0.0-RC2.jar:/home/liu/.m2/repository/org/springframework/cloud/spring-cloud-starter/4.0.0-RC2/spring-cloud-starter-4.0.0-RC2.jar:/home/liu/.m2/repository/org/springframework/security/spring-security-rsa/1.0.11.RELEASE/spring-security-rsa-1.0.11.RELEASE.jar:/home/liu/.m2/repository/org/bouncycastle/bcpkix-jdk15on/1.69/bcpkix-jdk15on-1.69.jar:/home/liu/.m2/repository/org/bouncycastle/bcprov-jdk15on/1.69/bcprov-jdk15on-1.69.jar:/home/liu/.m2/repository/org/bouncycastle/bcutil-jdk15on/1.69/bcutil-jdk15on-1.69.jar:/home/liu/.m2/repository/org/springframework/cloud/spring-cloud-commons/4.0.0-RC2/spring-cloud-commons-4.0.0-RC2.jar:/home/liu/.m2/repository/org/springframework/security/spring-security-crypto/6.0.1/spring-security-crypto-6.0.1.jar:/home/liu/.m2/repository/io/github/openfeign/feign-core/12.0/feign-core-12.0.jar:/home/liu/.m2/repository/io/github/openfeign/feign-slf4j/12.0/feign-slf4j-12.0.jar:/home/liu/.m2/repository/com/alibaba/cloud/spring-cloud-starter-alibaba-nacos-config/2022.0.0.0-RC2/spring-cloud-starter-alibaba-nacos-config-2022.0.0.0-RC2.jar:/home/liu/.m2/repository/com/alibaba/cloud/spring-cloud-alibaba-commons/2022.0.0.0-RC2/spring-cloud-alibaba-commons-2022.0.0.0-RC2.jar:/home/liu/.m2/repository/com/alibaba/spring/spring-context-support/1.0.11/spring-context-support-1.0.11.jar:/home/liu/.m2/repository/com/alibaba/nacos/nacos-client/2.2.1/nacos-client-2.2.1.jar:/home/liu/.m2/repository/com/alibaba/nacos/nacos-auth-plugin/2.2.1/nacos-auth-plugin-2.2.1.jar:/home/liu/.m2/repository/com/alibaba/nacos/nacos-encryption-plugin/2.2.1/nacos-encryption-plugin-2.2.1.jar:/home/liu/.m2/repository/commons-codec/commons-codec/1.15/commons-codec-1.15.jar:/home/liu/.m2/repository/org/apache/httpcomponents/httpasyncclient/4.1.5/httpasyncclient-4.1.5.jar:/home/liu/.m2/repository/org/apache/httpcomponents/httpcore/4.4.16/httpcore-4.4.16.jar:/home/liu/.m2/repository/org/apache/httpcomponents/httpcore-nio/4.4.16/httpcore-nio-4.4.16.jar:/home/liu/.m2/repository/org/apache/httpcomponents/httpclient/4.5.14/httpclient-4.5.14.jar:/home/liu/.m2/repository/io/prometheus/simpleclient/0.16.0/simpleclient-0.16.0.jar:/home/liu/.m2/repository/io/prometheus/simpleclient_tracer_otel/0.16.0/simpleclient_tracer_otel-0.16.0.jar:/home/liu/.m2/repository/io/prometheus/simpleclient_tracer_common/0.16.0/simpleclient_tracer_common-0.16.0.jar:/home/liu/.m2/repository/io/prometheus/simpleclient_tracer_otel_agent/0.16.0/simpleclient_tracer_otel_agent-0.16.0.jar:/home/liu/.m2/repository/org/springframework/cloud/spring-cloud-context/4.0.0/spring-cloud-context-4.0.0.jar:/home/liu/.m2/repository/jakarta/annotation/jakarta.annotation-api/2.1.1/jakarta.annotation-api-2.1.1.jar:/home/liu/.m2/repository/com/alibaba/cloud/spring-cloud-starter-alibaba-nacos-discovery/2022.0.0.0-RC2/spring-cloud-starter-alibaba-nacos-discovery-2022.0.0.0-RC2.jar:/home/liu/.m2/repository/org/springframework/cloud/spring-cloud-starter-bootstrap/4.0.0-RC2/spring-cloud-starter-bootstrap-4.0.0-RC2.jar:"/>
    <property name="sun.cpu.endian" value="little"/>
    <property name="user.home" value="/home/liu"/>
    <property name="user.language" value="en"/>
    <property name="java.specification.vendor" value="Oracle Corporation"/>
    <property name="java.version.date" value="2023-10-17"/>
    <property name="java.home" value="/home/liu/.jdks/openjdk-21.0.1"/>
    <property name="file.separator" value="/"/>
    <property name="basedir" value="/home/liu/Downloads/OOMALL+-+副本/OOMALL3/aftersale"/>
    <property name="java.vm.compressedOopsMode" value="32-bit"/>
    <property name="line.separator" value="&#10;"/>
    <property name="java.specification.name" value="Java Platform API Specification"/>
    <property name="java.vm.specification.vendor" value="Oracle Corporation"/>
    <property name="surefire.real.class.path" value="/home/liu/Downloads/OOMALL+-+副本/OOMALL3/aftersale/target/surefire/surefirebooter5994505615390241324.jar"/>
    <property name="sun.management.compiler" value="HotSpot 64-Bit Tiered Compilers"/>
    <property name="java.runtime.version" value="21.0.1+12-29"/>
    <property name="user.name" value="liu"/>
    <property name="stdout.encoding" value="UTF-8"/>
    <property name="path.separator" value=":"/>
    <property name="os.version" value="6.2.0-39-generic"/>
    <property name="java.runtime.name" value="OpenJDK Runtime Environment"/>
    <property name="file.encoding" value="UTF-8"/>
    <property name="java.vm.name" value="OpenJDK 64-Bit Server VM"/>
    <property name="localRepository" value="/home/liu/.m2/repository"/>
    <property name="java.vendor.url.bug" value="https://bugreport.java.com/bugreport/"/>
    <property name="java.io.tmpdir" value="/tmp"/>
    <property name="idea.version" value="2023.2.5"/>
    <property name="java.version" value="21.0.1"/>
    <property name="user.dir" value="/home/liu/Downloads/OOMALL+-+副本/OOMALL3/aftersale"/>
    <property name="os.arch" value="amd64"/>
    <property name="java.vm.specification.name" value="Java Virtual Machine Specification"/>
    <property name="native.encoding" value="UTF-8"/>
    <property name="java.library.path" value="/usr/java/packages/lib:/usr/lib64:/lib64:/lib:/usr/lib"/>
    <property name="java.vm.info" value="mixed mode, sharing"/>
    <property name="stderr.encoding" value="UTF-8"/>
    <property name="java.vendor" value="Oracle Corporation"/>
    <property name="java.vm.version" value="21.0.1+12-29"/>
    <property name="sun.io.unicode.encoding" value="UnicodeLittle"/>
    <property name="java.class.version" value="65.0"/>
  </properties>
  <testcase name="APPRROVE" classname="cn.edu.xmu.oomall.aftersale.controller.ShopAftersaleControllerTest" time="0.354"/>
</testsuite>